#
# An unexpected error has been detected by Java Runtime Environment:
#
#  Internal Error (os_windows_x86.cpp:117), pid=3900, tid=7308
#  Error: guarantee(result == -1,"Unexpected result from topLevelExceptionFilter")
#
# Java VM: Java HotSpot(TM) 64-Bit Server VM (11.2-b01 mixed mode windows-amd64)
# If you would like to submit a bug report, please visit:
#   http://java.sun.com/webapps/bugreport/crash.jsp
# The crash happened outside the Java Virtual Machine in native code.
# See problematic frame for where to report the bug.
#

---------------  T H R E A D  ---------------

Current thread (0x00000000016bf000):  JavaThread "main" [_thread_in_native, id=7308, stack(0x0000000000030000,0x0000000001030000)]

Stack: [0x0000000000030000,0x0000000001030000]
[error occurred during error reporting (printing stack bounds), id 0xc0000005]


[error occurred during error reporting (printing native stack), id 0xc0000005]

Java frames: (J=compiled Java code, j=interpreted, Vv=VM code)
j  com.mathworks.jmi.NativeMatlab.ProcessPendingEvents()Z+0
j  com.mathworks.jmi.NativeMatlab.processPendingEvents()Z+8
j  com.mathworks.jmi.Matlab$ProcessPendingEvents.callBooleanMethod(Ljava/lang/Object;)Z+0
j  com.mathworks.util.FactoryUtils.processPendingEvents()Z+12
j  com.mathworks.mde.desk.MLDesktop.canClose()Z+84
j  com.mathworks.mde.desk.MLDesktop$2.call()Ljava/lang/Boolean;+4
j  com.mathworks.mde.desk.MLDesktop$2.call()Ljava/lang/Object;+1
j  com.mathworks.jmi.Matlab.isOkToExit()Z+54
v  ~StubRoutines::call_stub
j  com.mathworks.jmi.NativeMatlab.SendMatlabMessage(Ljava/lang/Object;)Ljava/lang/Object;+0
j  com.mathworks.jmi.NativeMatlab.sendMatlabMessage(Ljava/lang/Object;)Ljava/lang/Object;+22
j  com.mathworks.jmi.MatlabLooper.sendMatlabMessage(Lcom/mathworks/services/message/MWMessage;)Ljava/lang/Object;+20
j  com.mathworks.jmi.Matlab.mtFevalConsoleOutput(Ljava/lang/String;[Ljava/lang/Object;I)Ljava/lang/Object;+58
j  com.mathworks.mde.desk.MLDesktop$9.run()V+14
j  com.mathworks.jmi.NativeMatlab.dispatchMTRequests(Z)V+50
v  ~StubRoutines::call_stub

---------------  P R O C E S S  ---------------

Java Threads: ( => current thread )
  0x000000003271bc00 JavaThread "Image Fetcher 0" daemon [_thread_blocked, id=3840, stack(0x0000000031e70000,0x0000000031ef0000)]
  0x000000003271c400 JavaThread "Prefs Updater" daemon [_thread_blocked, id=3000, stack(0x000000000c230000,0x000000000c2b0000)]
  0x000000003271d000 JavaThread "Foxtrot Single Worker Thread #1" daemon [_thread_blocked, id=8956, stack(0x000000000c2b0000,0x000000000c330000)]
  0x000000003271a000 JavaThread "Active Reference Queue Daemon" daemon [_thread_blocked, id=7888, stack(0x0000000034060000,0x00000000340e0000)]
  0x0000000032718400 JavaThread "Timer-2" daemon [_thread_blocked, id=9024, stack(0x0000000033da0000,0x0000000033e20000)]
  0x0000000032719800 JavaThread "FelixPackageAdmin" daemon [_thread_blocked, id=9152, stack(0x0000000033fe0000,0x0000000034060000)]
  0x0000000032719000 JavaThread "FelixStartLevel" daemon [_thread_blocked, id=7704, stack(0x0000000033f60000,0x0000000033fe0000)]
  0x0000000032718800 JavaThread "FelixDispatchQueue" daemon [_thread_blocked, id=8712, stack(0x0000000033e20000,0x0000000033ea0000)]
  0x0000000030e50400 JavaThread "Timer-1" daemon [_thread_blocked, id=9192, stack(0x0000000033d20000,0x0000000033da0000)]
  0x0000000030f92800 JavaThread "TimerQueue" daemon [_thread_blocked, id=5344, stack(0x0000000033770000,0x00000000337f0000)]
  0x0000000030f90000 JavaThread "AWT-EventQueue-0" [_thread_blocked, id=8088, stack(0x00000000336e0000,0x0000000033760000)]
  0x0000000030f52000 JavaThread "AWT-Shutdown" [_thread_blocked, id=5416, stack(0x0000000032610000,0x0000000032690000)]
  0x00000000316dd800 JavaThread "AWT-Windows" daemon [_thread_in_native, id=7064, stack(0x000000000cea0000,0x000000000cf20000)]
  0x00000000316dc800 JavaThread "Java2D Disposer" daemon [_thread_blocked, id=5792, stack(0x000000000cda0000,0x000000000ce20000)]
  0x0000000030ea7c00 JavaThread "Timer-0" [_thread_blocked, id=6552, stack(0x000000000cc60000,0x000000000cce0000)]
  0x0000000030f1f800 JavaThread "JMI Unnamed Thread" [_thread_in_native, id=4384, stack(0x0000000006450000,0x0000000007450000)]
  0x000000000cb73800 JavaThread "Low Memory Detector" daemon [_thread_blocked, id=4284, stack(0x000000000cbe0000,0x000000000cc60000)]
  0x000000000cb6e400 JavaThread "CompilerThread1" daemon [_thread_blocked, id=7184, stack(0x000000002ed70000,0x000000002fd70000)]
  0x000000000cb69800 JavaThread "CompilerThread0" daemon [_thread_blocked, id=4160, stack(0x000000002dd70000,0x000000002ed70000)]
  0x000000000cb69000 JavaThread "Attach Listener" daemon [_thread_blocked, id=6876, stack(0x000000000c950000,0x000000000c9d0000)]
  0x000000000cb4d000 JavaThread "Finalizer" daemon [_thread_blocked, id=7476, stack(0x000000000c8d0000,0x000000000c950000)]
  0x000000000cb41400 JavaThread "Reference Handler" daemon [_thread_blocked, id=5748, stack(0x000000000c850000,0x000000000c8d0000)]
=>0x00000000016bf000 JavaThread "main" [_thread_in_native, id=7308, stack(0x0000000000030000,0x0000000001030000)]

Other Threads:
  0x000000000192dc00 VMThread [stack: 0x000000002cd70000,0x000000002dd70000] [id=8032]
  0x000000000cb90000 WatcherThread [stack: 0x000000002fd70000,0x0000000030d70000] [id=8880]

VM state:not at safepoint (normal execution)

VM Mutex/Monitor currently owned by a thread: None

Heap
 PSYoungGen      total 26304K, used 7007K [0x0000000021c70000, 0x0000000023f40000, 0x0000000024d70000)
  eden space 26112K, 26% used [0x0000000021c70000,0x000000002231fee8,0x00000000235f0000)
  from space 192K, 83% used [0x0000000023ef0000,0x0000000023f18000,0x0000000023f20000)
  to   space 128K, 0% used [0x0000000023f20000,0x0000000023f20000,0x0000000023f40000)
 PSOldGen        total 62528K, used 50503K [0x0000000018970000, 0x000000001c680000, 0x0000000021c70000)
  object space 62528K, 80% used [0x0000000018970000,0x000000001bac1e30,0x000000001c680000)
 PSPermGen       total 98944K, used 51580K [0x0000000010970000, 0x0000000016a10000, 0x0000000018970000)
  object space 98944K, 52% used [0x0000000010970000,0x0000000013bcf188,0x0000000016a10000)

Dynamic libraries:
0x0000000140000000 - 0x000000014002a000 	C:\Program Files\MATLAB\R2010a\bin\win64\matlab.exe
0x0000000077c00000 - 0x0000000077da9000 	C:\Windows\SYSTEM32\ntdll.dll
0x0000000077520000 - 0x000000007763f000 	C:\Windows\system32\kernel32.dll
0x000007fefe190000 - 0x000007fefe1fb000 	C:\Windows\system32\KERNELBASE.dll
0x000000006bba0000 - 0x000000006bbea000 	C:\Program Files\AVAST Software\Avast\snxhk64.dll
0x000000007ce80000 - 0x000000007cf96000 	C:\Program Files\MATLAB\R2010a\bin\win64\libut.dll
0x000007fefe750000 - 0x000007fefe769000 	C:\Windows\system32\imagehlp.dll
0x000007fefeb20000 - 0x000007fefebbf000 	C:\Windows\system32\msvcrt.dll
0x000007fefe430000 - 0x000007fefe50b000 	C:\Windows\system32\ADVAPI32.dll
0x000007feffc70000 - 0x000007feffc8f000 	C:\Windows\SYSTEM32\sechost.dll
0x000007fefec60000 - 0x000007fefed8d000 	C:\Windows\system32\RPCRT4.dll
0x0000000077dc0000 - 0x0000000077dc7000 	C:\Windows\system32\PSAPI.DLL
0x000000007d660000 - 0x000000007d688000 	C:\Program Files\MATLAB\R2010a\bin\win64\LIBEXPAT.dll
0x0000000071700000 - 0x00000000717c9000 	C:\Windows\WinSxS\amd64_microsoft.vc80.crt_1fc8b3b9a1e18e3b_8.0.50727.6195_none_88e41e092fab0294\MSVCR80.dll
0x000000007d380000 - 0x000000007d4ac000 	C:\Program Files\MATLAB\R2010a\bin\win64\icuuc40.dll
0x000000007c8b0000 - 0x000000007c8b3000 	C:\Program Files\MATLAB\R2010a\bin\win64\icudt40.dll
0x000000007c8c0000 - 0x000000007c8d0000 	C:\Program Files\MATLAB\R2010a\bin\win64\icuio40.dll
0x000000007cb00000 - 0x000000007cc53000 	C:\Program Files\MATLAB\R2010a\bin\win64\icuin40.dll
0x0000000070f40000 - 0x0000000071049000 	C:\Windows\WinSxS\amd64_microsoft.vc80.crt_1fc8b3b9a1e18e3b_8.0.50727.6195_none_88e41e092fab0294\MSVCP80.dll
0x0000000077790000 - 0x000000007788a000 	C:\Windows\system32\USER32.dll
0x000007fefe870000 - 0x000007fefe8d7000 	C:\Windows\system32\GDI32.dll
0x000007fefe7d0000 - 0x000007fefe7de000 	C:\Windows\system32\LPK.dll
0x000007feffb20000 - 0x000007feffbe9000 	C:\Windows\system32\USP10.dll
0x0000000078930000 - 0x0000000078a4e000 	C:\Program Files\MATLAB\R2010a\bin\win64\libmwfl.dll
0x00000000788c0000 - 0x00000000788fe000 	C:\Program Files\MATLAB\R2010a\bin\win64\tbb.dll
0x000000007e960000 - 0x000000007e96f000 	C:\Program Files\MATLAB\R2010a\bin\win64\boost_date_time-vc80-mt-1_36.dll
0x000000007ebf0000 - 0x000000007ec0d000 	C:\Program Files\MATLAB\R2010a\bin\win64\boost_filesystem-vc80-mt-1_36.dll
0x000000007dbd0000 - 0x000000007dbd9000 	C:\Program Files\MATLAB\R2010a\bin\win64\boost_system-vc80-mt-1_36.dll
0x000000007e940000 - 0x000000007e956000 	C:\Program Files\MATLAB\R2010a\bin\win64\boost_signals-vc80-mt-1_36.dll
0x000000007c890000 - 0x000000007c8a1000 	C:\Program Files\MATLAB\R2010a\bin\win64\boost_thread-vc80-mt-1_36.dll
0x000000007d010000 - 0x000000007d298000 	C:\Program Files\MATLAB\R2010a\bin\win64\libmwservices.dll
0x000000007cfa0000 - 0x000000007d00d000 	C:\Program Files\MATLAB\R2010a\bin\win64\libmx.dll
0x00000000792b0000 - 0x00000000792c7000 	C:\Program Files\MATLAB\R2010a\bin\win64\zlib1.dll
0x000000007d2a0000 - 0x000000007d37c000 	C:\Program Files\MATLAB\R2010a\bin\win64\libmwmathutil.dll
0x000000007a9b0000 - 0x000000007aa0e000 	C:\Program Files\MATLAB\R2010a\bin\win64\mpath.dll
0x000000007d690000 - 0x000000007d812000 	C:\Program Files\MATLAB\R2010a\bin\win64\mlutil.dll
0x000000007e860000 - 0x000000007e8ec000 	C:\Program Files\MATLAB\R2010a\bin\win64\xmlcore.dll
0x000000007a320000 - 0x000000007a5b5000 	C:\Program Files\MATLAB\R2010a\bin\win64\xerces-c_2_7.dll
0x000007fefe510000 - 0x000007fefe55d000 	C:\Windows\system32\WS2_32.dll
0x000007fefe860000 - 0x000007fefe868000 	C:\Windows\system32\NSI.dll
0x000007fefed90000 - 0x000007feffb18000 	C:\Windows\system32\SHELL32.dll
0x000007feffbf0000 - 0x000007feffc61000 	C:\Windows\system32\SHLWAPI.dll
0x000007fefa790000 - 0x000007fefa830000 	C:\Windows\WinSxS\amd64_microsoft.windows.common-controls_6595b64144ccf1df_5.82.7601.17514_none_a4d6a923711520a9\COMCTL32.dll
0x000007feffc90000 - 0x000007feffd27000 	C:\Windows\system32\comdlg32.dll
0x000007fefb1f0000 - 0x000007fefb206000 	C:\Windows\system32\NETAPI32.dll
0x000007fefb1e0000 - 0x000007fefb1ec000 	C:\Windows\system32\netutils.dll
0x000007fefdc60000 - 0x000007fefdc83000 	C:\Windows\system32\srvcli.dll
0x000007fefb1c0000 - 0x000007fefb1d5000 	C:\Windows\system32\wkscli.dll
0x000000007ad90000 - 0x000000007ae2e000 	C:\Program Files\MATLAB\R2010a\bin\win64\mcr.dll
0x0000000001320000 - 0x0000000001345000 	C:\Program Files\MATLAB\R2010a\bin\win64\libmwi18n.dll
0x000000007c8d0000 - 0x000000007c983000 	C:\Program Files\MATLAB\R2010a\bin\win64\iqm.dll
0x000000007b500000 - 0x000000007bdb0000 	C:\Program Files\MATLAB\R2010a\bin\win64\m_interpreter.dll
0x000000007c9b0000 - 0x000000007c9c6000 	C:\Program Files\MATLAB\R2010a\bin\win64\libmex.dll
0x000000007abf0000 - 0x000000007aca4000 	C:\Program Files\MATLAB\R2010a\bin\win64\m_dispatcher.dll
0x000000007ead0000 - 0x000000007ebc1000 	C:\Program Files\MATLAB\R2010a\bin\win64\boost_regex-vc80-mt-1_36.dll
0x000000007aa90000 - 0x000000007ab27000 	C:\Program Files\MATLAB\R2010a\bin\win64\profiler.dll
0x000000007ca40000 - 0x000000007ca71000 	C:\Program Files\MATLAB\R2010a\bin\win64\libmwmathrng.dll
0x0000000079200000 - 0x000000007921a000 	C:\Program Files\MATLAB\R2010a\bin\win64\m_pcodeio.dll
0x000000007a960000 - 0x000000007a9ad000 	C:\Program Files\MATLAB\R2010a\bin\win64\m_ir.dll
0x000000007aef0000 - 0x000000007b4f1000 	C:\Program Files\MATLAB\R2010a\bin\win64\m_parser.dll
0x000000007c990000 - 0x000000007c9a4000 	C:\Program Files\MATLAB\R2010a\bin\win64\ir_xfmr.dll
0x0000000078a50000 - 0x0000000078d2f000 	C:\Program Files\MATLAB\R2010a\bin\win64\mcos.dll
0x000000007ca90000 - 0x000000007ca9c000 	C:\Program Files\MATLAB\R2010a\bin\win64\mtok.dll
0x00000000791d0000 - 0x00000000791f6000 	C:\Program Files\MATLAB\R2010a\bin\win64\m_pcodegen.dll
0x0000000001440000 - 0x0000000001492000 	C:\Program Files\MATLAB\R2010a\bin\win64\libmwspmatrix.dll
0x000007fef8c80000 - 0x000007fef8da5000 	C:\Windows\system32\dbghelp.dll
0x00000000014b0000 - 0x00000000014dc000 	C:\Program Files\MATLAB\R2010a\bin\win64\libmwbridge.dll
0x000000007c4f0000 - 0x000000007c5b7000 	C:\Program Files\MATLAB\R2010a\bin\win64\udd.dll
0x000000007d4b0000 - 0x000000007d604000 	C:\Program Files\MATLAB\R2010a\bin\win64\libmwgui.dll
0x0000000079320000 - 0x0000000079acf000 	C:\Program Files\MATLAB\R2010a\bin\win64\hg.dll
0x0000000079100000 - 0x0000000079150000 	C:\Program Files\MATLAB\R2010a\bin\win64\libmat.dll
0x000000007cc60000 - 0x000000007ce7b000 	C:\Program Files\MATLAB\R2010a\bin\win64\libhdf5.dll
0x000000007a860000 - 0x000000007a8e3000 	C:\Program Files\MATLAB\R2010a\bin\win64\jmi.dll
0x000000007a790000 - 0x000000007a7d6000 	C:\Program Files\MATLAB\R2010a\bin\win64\libmwhardcopy.dll
0x000000007a8f0000 - 0x000000007a959000 	C:\Program Files\MATLAB\R2010a\bin\win64\libuij.dll
0x0000000078730000 - 0x00000000788b3000 	C:\Program Files\MATLAB\R2010a\bin\win64\hgdatatypes.dll
0x0000000078670000 - 0x0000000078721000 	C:\Program Files\MATLAB\R2010a\bin\win64\hgutils.dll
0x0000000079150000 - 0x00000000791cc000 	C:\Program Files\MATLAB\R2010a\bin\win64\libmwlapack.dll
0x000000007c9e0000 - 0x000000007c9f3000 	C:\Program Files\MATLAB\R2010a\bin\win64\libmwbinder.dll
0x000000007c5c0000 - 0x000000007c881000 	C:\Program Files\MATLAB\R2010a\bin\win64\uiw.dll
0x000000007caf0000 - 0x000000007cafa000 	C:\Program Files\MATLAB\R2010a\bin\win64\uinone.dll
0x0000000064020000 - 0x00000000641bc000 	C:\Windows\WinSxS\amd64_microsoft.vc80.mfc_1fc8b3b9a1e18e3b_8.0.50727.6195_none_8448b2bd328df189\MFC80.DLL
0x000007fefa2b0000 - 0x000007fefa321000 	C:\Windows\system32\WINSPOOL.DRV
0x000007fefe910000 - 0x000007fefeb13000 	C:\Windows\system32\ole32.dll
0x000007fefe670000 - 0x000007fefe747000 	C:\Windows\system32\OLEAUT32.dll
0x000000007ae30000 - 0x000000007aee6000 	C:\Program Files\MATLAB\R2010a\bin\win64\udd_mi.dll
0x0000000079220000 - 0x000000007923f000 	C:\Program Files\MATLAB\R2010a\bin\win64\mwoles05.DLL
0x000000007aa10000 - 0x000000007aa82000 	C:\Program Files\MATLAB\R2010a\bin\win64\comcli.dll
0x0000000074610000 - 0x0000000074630000 	C:\Windows\WinSxS\amd64_microsoft.vc80.atl_1fc8b3b9a1e18e3b_8.0.50727.6195_none_8a1dd9552ed7f8d8\ATL80.DLL
0x000000007ca80000 - 0x000000007ca8e000 	C:\Program Files\MATLAB\R2010a\bin\win64\mlautoregister.dll
0x000007fefe8e0000 - 0x000007fefe90e000 	C:\Windows\system32\IMM32.DLL
0x000007fefe560000 - 0x000007fefe669000 	C:\Windows\system32\MSCTF.dll
0x0000000071550000 - 0x000000007155d000 	C:\Windows\WinSxS\amd64_microsoft.vc80.mfcloc_1fc8b3b9a1e18e3b_8.0.50727.6195_none_bc20f59b0bdd1acd\MFC80ENU.DLL
0x000007fefc6f0000 - 0x000007fefc746000 	C:\Windows\system32\uxtheme.dll
0x000007fefe020000 - 0x000007fefe02f000 	C:\Windows\system32\profapi.dll
0x000007fefbf60000 - 0x000007fefbf87000 	C:\Windows\system32\iphlpapi.dll
0x000007fefbf40000 - 0x000007fefbf4b000 	C:\Windows\system32\WINNSI.DLL
0x000007fefd710000 - 0x000007fefd76b000 	C:\Windows\system32\DNSAPI.dll
0x000007fefbb80000 - 0x000007fefbb98000 	C:\Windows\system32\dhcpcsvc.DLL
0x000007fefb9f0000 - 0x000007fefba01000 	C:\Windows\system32\dhcpcsvc6.DLL
0x000000006bee0000 - 0x000000006bee3000 	C:\Windows\system32\icmp.Dll
0x000007fefdef0000 - 0x000007fefdeff000 	C:\Windows\system32\CRYPTBASE.dll
0x000007fefe150000 - 0x000007fefe186000 	C:\Windows\system32\CFGMGR32.dll
0x000007fefbfa0000 - 0x000007fefbfb8000 	C:\Windows\system32\dwmapi.dll
0x000000006d7f0000 - 0x000000006dda8000 	C:\Program Files\MATLAB\R2010a\sys\java\jre\win64\jre\bin\server\jvm.dll
0x000007fefc0f0000 - 0x000007fefc12b000 	C:\Windows\system32\WINMM.dll
0x000000007aba0000 - 0x000000007abaa000 	C:\Program Files\MATLAB\R2010a\sys\java\jre\win64\jre\bin\hpi.dll
0x000000007abc0000 - 0x000000007abce000 	C:\Program Files\MATLAB\R2010a\sys\java\jre\win64\jre\bin\verify.dll
0x00000000792d0000 - 0x00000000792f7000 	C:\Program Files\MATLAB\R2010a\sys\java\jre\win64\jre\bin\java.dll
0x000000007abd0000 - 0x000000007abe2000 	C:\Program Files\MATLAB\R2010a\sys\java\jre\win64\jre\bin\zip.dll
0x0000000079240000 - 0x000000007926b000 	C:\Program Files\MATLAB\R2010a\bin\win64\nativejava.dll
0x000007fefa880000 - 0x000007fefa898000 	C:\Windows\system32\MPR.dll
0x0000000079270000 - 0x00000000792a7000 	C:\Program Files\MATLAB\R2010a\bin\win64\nativejmi.dll
0x000000007cae0000 - 0x000000007caed000 	C:\Program Files\MATLAB\R2010a\bin\win64\nativeservices.dll
0x000000007a5c0000 - 0x000000007a782000 	C:\Program Files\MATLAB\R2010a\sys\java\jre\win64\jre\bin\awt.dll
0x000000007acb0000 - 0x000000007ad1b000 	C:\Program Files\MATLAB\R2010a\sys\java\jre\win64\jre\bin\fontmanager.dll
0x0000000079300000 - 0x0000000079317000 	C:\Program Files\MATLAB\R2010a\sys\java\jre\win64\jre\bin\net.dll
0x000007fefd890000 - 0x000007fefd8e5000 	C:\Windows\system32\mswsock.dll
0x000007fefd880000 - 0x000007fefd887000 	C:\Windows\System32\wship6.dll
0x000000007abb0000 - 0x000000007abbb000 	C:\Program Files\MATLAB\R2010a\sys\java\jre\win64\jre\bin\nio.dll
0x0000000078300000 - 0x0000000078310000 	C:\Program Files\MATLAB\R2010a\bin\win64\nativelmgr.dll
0x000000007dab0000 - 0x000000007dae5000 	C:\Program Files\MATLAB\R2010a\sys\java\jre\win64\jre\bin\jpeg.dll
0x0000000078310000 - 0x00000000784b8000 	C:\Program Files\MATLAB\R2010a\bin\win64\instutil.dll
0x000007fefc220000 - 0x000007fefc235000 	C:\Windows\system32\NLAapi.dll
0x000007fef6d50000 - 0x000007fef6d65000 	C:\Windows\system32\napinsp.dll
0x000007fef6d30000 - 0x000007fef6d49000 	C:\Windows\system32\pnrpnsp.dll
0x000007fef6d00000 - 0x000007fef6d0b000 	C:\Windows\System32\winrnr.dll
0x000007fefae30000 - 0x000007fefae40000 	C:\Windows\system32\wshbth.dll

VM Arguments:
jvm_args: -Xss512k -XX:PermSize=32m -Xms64m -XX:NewRatio=3 -XX:MaxPermSize=128m -Xmx196m -XX:MaxDirectMemorySize=2147400000 -Dsun.java2d.noddraw=true -Dsun.awt.nopixfmt=true -Xshare:off -Xrs -Djava.library.path=C:\Program Files\MATLAB\R2010a\bin\win64 vfprintf abort 
java_command: <unknown>
Launcher Type: generic

Environment Variables:
CLASSPATH=.;C:\Program Files (x86)\QuickTime\QTSystem\QTJava.zip;C:\Program Files (x86)\OpenNI\Bin\org.OpenNI.jar
PATH=C:\Program Files\Common Files\Microsoft Shared\Windows Live;C:\Program Files (x86)\Common Files\Microsoft Shared\Windows Live;C:\Microsemi\Libero_v10.0\Model\win32acoem;C:\Microsemi\Libero_v10.0\Designer\bin;C:\Windows\System32\Wbem;C:\Windows\System32\WindowsPowerShell\v1.0\;C:\Program Files (x86)\QuickTime\QTSystem\;C:\Program Files\MiKTeX 2.9\miktex\bin\x64;C:\Windows\system32;C:\Windows;C:\Windows\System32\Wbem;C:\Windows\System32\WindowsPowerShell\v1.0\;C:\Program Files (x86)\QuickTime\QTSystem\;C:\Program Files\MATLAB\R2012a\runtime\win64;C:\Program Files\MATLAB\R2012a\bin;C:\Matlab_32bit\MATLAB\R2012a\runtime\win32;C:\Matlab_32bit\MATLAB\R2012a\bin;C:\Program Files\MATLAB\R2010a\runtime\win64;C:\Program Files\MATLAB\R2010a\bin;c:\Program Files (x86)\Microsoft SQL Server\100\Tools\Binn\;c:\Program Files\Microsoft SQL Server\100\Tools\Binn\;c:\Program Files\Microsoft SQL Server\100\DTS\Binn\;C:\Program Files (x86)\VisualSVN\bin;C:\Program Files (x86)\Java\jre6\bin;C:\Program Files (x86)\OpenNI\bin;C:\Program Files (x86)\PrimeSense\NITE\bin;C:\QtSDK\;C:\Qt\4.7.4\bin;C:\Program Files (x86)\Windows Live\Shared;C:\Program Files (x86)\IVI Foundation\IVI\bin;C:\Program Files\IVI Foundation\IVI\bin;C:\Program Files (x86)\IVI Foundation\VISA\WinNT\Bin\;C:\Program Files\IVI Foundation\VISA\Win64\Bin\;C:\Program Files (x86)\IVI Foundation\VISA\WinNT\Bin;C:\Program Files (x86)\National Instruments\Shared\System\;C:\Program Files\Quanser\Rapid Control Prototyping Toolkit\labview\resource\;C:\Program Files (x86)\Calibre2\;C:\Program Files (x86)\ROBOTIS\USB2Dynamixel\bin;C:\Program Files\Microsoft Windows Performance Toolkit\
USERNAME=Rene
OS=Windows_NT
PROCESSOR_IDENTIFIER=Intel64 Family 6 Model 42 Stepping 7, GenuineIntel



---------------  S Y S T E M  ---------------

OS: Windows NT 6.1 Build 7601 Service Pack 1

CPU:total 8 (8 cores per cpu, 2 threads per core) family 6 model 10 stepping 7, cmov, cx8, fxsr, mmx, sse, sse2, sse3, ssse3, ht

Memory: 4k page, physical 4103296k(942584k free), swap 8204736k(4233884k free)

vm_info: Java HotSpot(TM) 64-Bit Server VM (11.2-b01) for windows-amd64 JRE (1.6.0_12-b04), built on Jan 17 2009 01:49:05 by "java_re" with MS VC++ 8.0

time: Fri Mar 15 11:33:00 2013
elapsed time: 838 seconds

